This is pdfTeX, Version 3.141592653-2.6-1.40.25 (TeX Live 2023) (preloaded format=pdflatex 2023.4.2)  9 APR 2023 18:41
entering extended mode
 restricted \write18 enabled.
 %&-line parsing enabled.
**assignment_4.1_SyversonLuke.tex
(./assignment_4.1_SyversonLuke.tex
LaTeX2e <2022-11-01> patch level 1
L3 programming layer <2023-03-30> (c:/Users/syversonl/AppData/Roaming/TinyTeX/texmf-dist/tex/latex/base/article.cls
Document Class: article 2022/07/02 v1.4n Standard LaTeX document class
(c:/Users/syversonl/AppData/Roaming/TinyTeX/texmf-dist/tex/latex/base/size10.clo
File: size10.clo 2022/07/02 v1.4n Standard LaTeX file (size option)
)
\c@part=\count185
\c@section=\count186
\c@subsection=\count187
\c@subsubsection=\count188
\c@paragraph=\count189
\c@subparagraph=\count190
\c@figure=\count191
\c@table=\count192
\abovecaptionskip=\skip48
\belowcaptionskip=\skip49
\bibindent=\dimen140
) (c:/Users/syversonl/AppData/Roaming/TinyTeX/texmf-dist/tex/latex/graphics/graphicx.sty
Package: graphicx 2021/09/16 v1.2d Enhanced LaTeX Graphics (DPC,SPQR)
(c:/Users/syversonl/AppData/Roaming/TinyTeX/texmf-dist/tex/latex/graphics/keyval.sty
Package: keyval 2022/05/29 v1.15 key=value parser (DPC)
\KV@toks@=\toks16
) (c:/Users/syversonl/AppData/Roaming/TinyTeX/texmf-dist/tex/latex/graphics/graphics.sty
Package: graphics 2022/03/10 v1.4e Standard LaTeX Graphics (DPC,SPQR)
(c:/Users/syversonl/AppData/Roaming/TinyTeX/texmf-dist/tex/latex/graphics/trig.sty
Package: trig 2021/08/11 v1.11 sin cos tan (DPC)
) (c:/Users/syversonl/AppData/Roaming/TinyTeX/texmf-dist/tex/latex/graphics-cfg/graphics.cfg
File: graphics.cfg 2016/06/04 v1.11 sample graphics configuration
)
Package graphics Info: Driver file: pdftex.def on input line 107.
(c:/Users/syversonl/AppData/Roaming/TinyTeX/texmf-dist/tex/latex/graphics-def/pdftex.def
File: pdftex.def 2022/09/22 v1.2b Graphics/color driver for pdftex
))
\Gin@req@height=\dimen141
\Gin@req@width=\dimen142
) (c:/Users/syversonl/AppData/Roaming/TinyTeX/texmf-dist/tex/latex/xcolor/xcolor.sty
Package: xcolor 2022/06/12 v2.14 LaTeX color extensions (UK)
(c:/Users/syversonl/AppData/Roaming/TinyTeX/texmf-dist/tex/latex/graphics-cfg/color.cfg
File: color.cfg 2016/01/02 v1.6 sample color configuration
)
Package xcolor Info: Driver file: pdftex.def on input line 227.
(c:/Users/syversonl/AppData/Roaming/TinyTeX/texmf-dist/tex/latex/graphics/mathcolor.ltx)
Package xcolor Info: Model `cmy' substituted by `cmy0' on input line 1353.
Package xcolor Info: Model `hsb' substituted by `rgb' on input line 1357.
Package xcolor Info: Model `RGB' extended on input line 1369.
Package xcolor Info: Model `HTML' substituted by `rgb' on input line 1371.
Package xcolor Info: Model `Hsb' substituted by `hsb' on input line 1372.
Package xcolor Info: Model `tHsb' substituted by `hsb' on input line 1373.
Package xcolor Info: Model `HSB' substituted by `hsb' on input line 1374.
Package xcolor Info: Model `Gray' substituted by `gray' on input line 1375.
Package xcolor Info: Model `wave' substituted by `hsb' on input line 1376.
) (c:/Users/syversonl/AppData/Roaming/TinyTeX/texmf-dist/tex/latex/framed/framed.sty
Package: framed 2011/10/22 v 0.96: framed or shaded text with page breaks
\OuterFrameSep=\skip50
\fb@frw=\dimen143
\fb@frh=\dimen144
\FrameRule=\dimen145
\FrameSep=\dimen146
) (c:/Users/syversonl/AppData/Roaming/TinyTeX/texmf-dist/tex/latex/base/alltt.sty
Package: alltt 2021/01/29 v2.0g defines alltt environment
) (c:/Users/syversonl/AppData/Roaming/TinyTeX/texmf-dist/tex/latex/psnfss/mathpazo.sty
Package: mathpazo 2020/03/25 PSNFSS-v9.3 Palatino w/ Pazo Math (D.Puga, WaS) 
\symupright=\mathgroup4
) (c:/Users/syversonl/AppData/Roaming/TinyTeX/texmf-dist/tex/latex/base/fontenc.sty
Package: fontenc 2021/04/29 v2.0v Standard LaTeX package
LaTeX Font Info:    Trying to load font information for T1+pplx on input line 112.
(c:/Users/syversonl/AppData/Roaming/TinyTeX/texmf-dist/tex/latex/psnfss/t1pplx.fd
File: t1pplx.fd 2004/09/06 font definitions for T1/pplx.
)) (c:/Users/syversonl/AppData/Roaming/TinyTeX/texmf-dist/tex/latex/geometry/geometry.sty
Package: geometry 2020/01/02 v5.9 Page Geometry
(c:/Users/syversonl/AppData/Roaming/TinyTeX/texmf-dist/tex/generic/iftex/ifvtex.sty
Package: ifvtex 2019/10/25 v1.7 ifvtex legacy package. Use iftex instead.
(c:/Users/syversonl/AppData/Roaming/TinyTeX/texmf-dist/tex/generic/iftex/iftex.sty
Package: iftex 2022/02/03 v1.0f TeX engine tests
))
\Gm@cnth=\count193
\Gm@cntv=\count194
\c@Gm@tempcnt=\count195
\Gm@bindingoffset=\dimen147
\Gm@wd@mp=\dimen148
\Gm@odd@mp=\dimen149
\Gm@even@mp=\dimen150
\Gm@layoutwidth=\dimen151
\Gm@layoutheight=\dimen152
\Gm@layouthoffset=\dimen153
\Gm@layoutvoffset=\dimen154
\Gm@dimlist=\toks17
) (c:/Users/syversonl/AppData/Roaming/TinyTeX/texmf-dist/tex/latex/hyperref/hyperref.sty
Package: hyperref 2023-02-07 v7.00v Hypertext links for LaTeX
(c:/Users/syversonl/AppData/Roaming/TinyTeX/texmf-dist/tex/generic/ltxcmds/ltxcmds.sty
Package: ltxcmds 2020-05-10 v1.25 LaTeX kernel commands for general use (HO)
) (c:/Users/syversonl/AppData/Roaming/TinyTeX/texmf-dist/tex/generic/pdftexcmds/pdftexcmds.sty
Package: pdftexcmds 2020-06-27 v0.33 Utility functions of pdfTeX for LuaTeX (HO)
(c:/Users/syversonl/AppData/Roaming/TinyTeX/texmf-dist/tex/generic/infwarerr/infwarerr.sty
Package: infwarerr 2019/12/03 v1.5 Providing info/warning/error messages (HO)
)
Package pdftexcmds Info: \pdf@primitive is available.
Package pdftexcmds Info: \pdf@ifprimitive is available.
Package pdftexcmds Info: \pdfdraftmode found.
) (c:/Users/syversonl/AppData/Roaming/TinyTeX/texmf-dist/tex/latex/kvsetkeys/kvsetkeys.sty
Package: kvsetkeys 2022-10-05 v1.19 Key value parser (HO)
) (c:/Users/syversonl/AppData/Roaming/TinyTeX/texmf-dist/tex/generic/kvdefinekeys/kvdefinekeys.sty
Package: kvdefinekeys 2019-12-19 v1.6 Define keys (HO)
) (c:/Users/syversonl/AppData/Roaming/TinyTeX/texmf-dist/tex/generic/pdfescape/pdfescape.sty
Package: pdfescape 2019/12/09 v1.15 Implements pdfTeX's escape features (HO)
) (c:/Users/syversonl/AppData/Roaming/TinyTeX/texmf-dist/tex/latex/hycolor/hycolor.sty
Package: hycolor 2020-01-27 v1.10 Color options for hyperref/bookmark (HO)
) (c:/Users/syversonl/AppData/Roaming/TinyTeX/texmf-dist/tex/latex/letltxmacro/letltxmacro.sty
Package: letltxmacro 2019/12/03 v1.6 Let assignment for LaTeX macros (HO)
) (c:/Users/syversonl/AppData/Roaming/TinyTeX/texmf-dist/tex/latex/auxhook/auxhook.sty
Package: auxhook 2019-12-17 v1.6 Hooks for auxiliary files (HO)
) (c:/Users/syversonl/AppData/Roaming/TinyTeX/texmf-dist/tex/latex/hyperref/nameref.sty
Package: nameref 2022-05-17 v2.50 Cross-referencing by name of section
(c:/Users/syversonl/AppData/Roaming/TinyTeX/texmf-dist/tex/latex/refcount/refcount.sty
Package: refcount 2019/12/15 v3.6 Data extraction from label references (HO)
) (c:/Users/syversonl/AppData/Roaming/TinyTeX/texmf-dist/tex/generic/gettitlestring/gettitlestring.sty
Package: gettitlestring 2019/12/15 v1.6 Cleanup title references (HO)
(c:/Users/syversonl/AppData/Roaming/TinyTeX/texmf-dist/tex/latex/kvoptions/kvoptions.sty
Package: kvoptions 2022-06-15 v3.15 Key value format for package options (HO)
))
\c@section@level=\count196
)
\@linkdim=\dimen155
\Hy@linkcounter=\count197
\Hy@pagecounter=\count198
(c:/Users/syversonl/AppData/Roaming/TinyTeX/texmf-dist/tex/latex/hyperref/pd1enc.def
File: pd1enc.def 2023-02-07 v7.00v Hyperref: PDFDocEncoding definition (HO)
Now handling font encoding PD1 ...
... no UTF-8 mapping file for font encoding PD1
) (c:/Users/syversonl/AppData/Roaming/TinyTeX/texmf-dist/tex/generic/intcalc/intcalc.sty
Package: intcalc 2019/12/15 v1.3 Expandable calculations with integers (HO)
) (c:/Users/syversonl/AppData/Roaming/TinyTeX/texmf-dist/tex/generic/etexcmds/etexcmds.sty
Package: etexcmds 2019/12/15 v1.7 Avoid name clashes with e-TeX commands (HO)
)
\Hy@SavedSpaceFactor=\count199
(c:/Users/syversonl/AppData/Roaming/TinyTeX/texmf-dist/tex/latex/hyperref/puenc.def
File: puenc.def 2023-02-07 v7.00v Hyperref: PDF Unicode definition (HO)
Now handling font encoding PU ...
... no UTF-8 mapping file for font encoding PU
)
Package hyperref Info: Option `unicode' set `true' on input line 4060.
Package hyperref Info: Option `pdfusetitle' set `true' on input line 4060.
Package hyperref Info: Option `bookmarks' set `true' on input line 4060.
Package hyperref Info: Option `bookmarksnumbered' set `true' on input line 4060.
Package hyperref Info: Option `bookmarksopen' set `true' on input line 4060.
Package hyperref Info: Option `breaklinks' set `false' on input line 4060.
Package hyperref Info: Option `colorlinks' set `false' on input line 4060.
Package hyperref Info: Hyper figures OFF on input line 4177.
Package hyperref Info: Link nesting OFF on input line 4182.
Package hyperref Info: Hyper index ON on input line 4185.
Package hyperref Info: Plain pages OFF on input line 4192.
Package hyperref Info: Backreferencing OFF on input line 4197.
Package hyperref Info: Implicit mode ON; LaTeX internals redefined.
Package hyperref Info: Bookmarks ON on input line 4425.
\c@Hy@tempcnt=\count266
(c:/Users/syversonl/AppData/Roaming/TinyTeX/texmf-dist/tex/latex/url/url.sty
\Urlmuskip=\muskip16
Package: url 2013/09/16  ver 3.4  Verb mode for urls, etc.
)
LaTeX Info: Redefining \url on input line 4763.
\XeTeXLinkMargin=\dimen156
(c:/Users/syversonl/AppData/Roaming/TinyTeX/texmf-dist/tex/generic/bitset/bitset.sty
Package: bitset 2019/12/09 v1.3 Handle bit-vector datatype (HO)
(c:/Users/syversonl/AppData/Roaming/TinyTeX/texmf-dist/tex/generic/bigintcalc/bigintcalc.sty
Package: bigintcalc 2019/12/15 v1.5 Expandable calculations on big integers (HO)
))
\Fld@menulength=\count267
\Field@Width=\dimen157
\Fld@charsize=\dimen158
Package hyperref Info: Hyper figures OFF on input line 6042.
Package hyperref Info: Link nesting OFF on input line 6047.
Package hyperref Info: Hyper index ON on input line 6050.
Package hyperref Info: backreferencing OFF on input line 6057.
Package hyperref Info: Link coloring OFF on input line 6062.
Package hyperref Info: Link coloring with OCG OFF on input line 6067.
Package hyperref Info: PDF/A mode OFF on input line 6072.
(c:/Users/syversonl/AppData/Roaming/TinyTeX/texmf-dist/tex/latex/base/atbegshi-ltx.sty
Package: atbegshi-ltx 2021/01/10 v1.0c Emulation of the original atbegshi
package with kernel methods
)
\Hy@abspage=\count268
\c@Item=\count269
\c@Hfootnote=\count270
)
Package hyperref Info: Driver (autodetected): hpdftex.
(c:/Users/syversonl/AppData/Roaming/TinyTeX/texmf-dist/tex/latex/hyperref/hpdftex.def
File: hpdftex.def 2023-02-07 v7.00v Hyperref driver for pdfTeX
(c:/Users/syversonl/AppData/Roaming/TinyTeX/texmf-dist/tex/latex/base/atveryend-ltx.sty
Package: atveryend-ltx 2020/08/19 v1.0a Emulation of the original atveryend package
with kernel methods
)
\Fld@listcount=\count271
\c@bookmark@seq@number=\count272
(c:/Users/syversonl/AppData/Roaming/TinyTeX/texmf-dist/tex/latex/rerunfilecheck/rerunfilecheck.sty
Package: rerunfilecheck 2022-07-10 v1.10 Rerun checks for auxiliary files (HO)
(c:/Users/syversonl/AppData/Roaming/TinyTeX/texmf-dist/tex/generic/uniquecounter/uniquecounter.sty
Package: uniquecounter 2019/12/15 v1.4 Provide unlimited unique counter (HO)
)
Package uniquecounter Info: New unique counter `rerunfilecheck' on input line 285.
)
\Hy@SectionHShift=\skip51
) (c:/Users/syversonl/AppData/Roaming/TinyTeX/texmf-dist/tex/latex/l3backend/l3backend-pdftex.def
File: l3backend-pdftex.def 2023-03-30 L3 backend support: PDF output (pdfTeX)
\l__color_backend_stack_int=\count273
\l__pdf_internal_box=\box51
) (./assignment_4.1_SyversonLuke.aux)
\openout1 = `assignment_4.1_SyversonLuke.aux'.

LaTeX Font Info:    Checking defaults for OML/cmm/m/it on input line 76.
LaTeX Font Info:    ... okay on input line 76.
LaTeX Font Info:    Checking defaults for OMS/cmsy/m/n on input line 76.
LaTeX Font Info:    ... okay on input line 76.
LaTeX Font Info:    Checking defaults for OT1/cmr/m/n on input line 76.
LaTeX Font Info:    ... okay on input line 76.
LaTeX Font Info:    Checking defaults for T1/cmr/m/n on input line 76.
LaTeX Font Info:    ... okay on input line 76.
LaTeX Font Info:    Checking defaults for TS1/cmr/m/n on input line 76.
LaTeX Font Info:    ... okay on input line 76.
LaTeX Font Info:    Checking defaults for OMX/cmex/m/n on input line 76.
LaTeX Font Info:    ... okay on input line 76.
LaTeX Font Info:    Checking defaults for U/cmr/m/n on input line 76.
LaTeX Font Info:    ... okay on input line 76.
LaTeX Font Info:    Checking defaults for PD1/pdf/m/n on input line 76.
LaTeX Font Info:    ... okay on input line 76.
LaTeX Font Info:    Checking defaults for PU/pdf/m/n on input line 76.
LaTeX Font Info:    ... okay on input line 76.
(c:/Users/syversonl/AppData/Roaming/TinyTeX/texmf-dist/tex/latex/epstopdf-pkg/epstopdf-base.sty
Package: epstopdf-base 2020-01-24 v2.11 Base part for package epstopdf
Package epstopdf-base Info: Redefining graphics rule for `.eps' on input line 485.
(c:/Users/syversonl/AppData/Roaming/TinyTeX/texmf-dist/tex/latex/latexconfig/epstopdf-sys.cfg
File: epstopdf-sys.cfg 2010/07/13 v1.3 Configuration of (r)epstopdf for TeX Live
))
\big@size=\dimen159
*geometry* driver: auto-detecting
*geometry* detected driver: pdftex

Package geometry Warning: The marginal notes overrun the paper.
     Add 4.86812pt and more to the right margin.

*geometry* verbose mode - [ preamble ] result:
* driver: pdftex
* paper: <default>
* layout: <same size as paper>
* layoutoffset:(h,v)=(0.0pt,0.0pt)
* modes: 
* h-part:(L,W,R)=(71.13188pt, 472.03123pt, 71.13188pt)
* v-part:(T,H,B)=(71.13188pt, 652.70622pt, 71.13188pt)
* \paperwidth=614.295pt
* \paperheight=794.96999pt
* \textwidth=472.03123pt
* \textheight=652.70622pt
* \oddsidemargin=-1.1381pt
* \evensidemargin=-1.1381pt
* \topmargin=-38.1381pt
* \headheight=12.0pt
* \headsep=25.0pt
* \topskip=10.0pt
* \footskip=30.0pt
* \marginparwidth=65.0pt
* \marginparsep=11.0pt
* \columnsep=10.0pt
* \skip\footins=9.0pt plus 4.0pt minus 2.0pt
* \hoffset=0.0pt
* \voffset=0.0pt
* \mag=1000
* \@twocolumnfalse
* \@twosidefalse
* \@mparswitchfalse
* \@reversemarginfalse
* (1in=72.27pt=25.4mm, 1cm=28.453pt)

Package hyperref Info: Link coloring OFF on input line 76.
(./assignment_4.1_SyversonLuke.out) (./assignment_4.1_SyversonLuke.out)
\@outlinefile=\write3
\openout3 = `assignment_4.1_SyversonLuke.out'.

LaTeX Font Info:    Trying to load font information for T1+lmtt on input line 89.
(c:/Users/syversonl/AppData/Roaming/TinyTeX/texmf-dist/tex/latex/lm/t1lmtt.fd
File: t1lmtt.fd 2015/05/01 v1.6.1 Font defs for Latin Modern
)
LaTeX Font Info:    Font shape `T1/lmtt/bx/n' in size <10> not available
(Font)              Font shape `T1/lmtt/b/n' tried instead on input line 90.

Overfull \hbox (23.20345pt too wide) in paragraph at lines 128--128
[]  []\T1/lmtt/m/it/10 # Count & Score are the observational fields in this study, since the Section is endogenous.[][] 
 []


Overfull \hbox (133.45313pt too wide) in paragraph at lines 131--131
[][]\T1/lmtt/m/it/10 # Identify the variables mentioned in the narrative paragraph and determine which are categorical and quantitative?[][] 
 []


Overfull \hbox (264.70274pt too wide) in paragraph at lines 133--133
[]  []\T1/lmtt/m/it/10 # We might assume, given the distribution of said variables, that the Score and Count variables represent the aforementioned descriptions.[][] 
 []


Overfull \hbox (217.45288pt too wide) in paragraph at lines 134--134
[]  []\T1/lmtt/m/it/10 # It's obvious that the categorical variable would the the endogenous Section, given it's datatype and description in the prompt.[][] 
 []


Overfull \hbox (238.45282pt too wide) in paragraph at lines 137--137
[][]\T1/lmtt/m/it/10 # Create one variable to hold a subset of your data set that contains only the Regular Section and one variable for the Sports Section.[][] 
 []


Overfull \hbox (59.95334pt too wide) in paragraph at lines 143--143
[][]\T1/lmtt/m/it/10 # Use the Plot function to plot each Sections scores and the number of students achieving that score.[][] 
 []


Overfull \hbox (7.45349pt too wide) in paragraph at lines 144--144
[][]\T1/lmtt/m/it/10 # Use additional Plot Arguments to label the graph and give each axis an appropriate label.[][] 
 []


Overfull \hbox (399.46623pt too wide) in paragraph at lines 147--147
[][]\T1/lmtt/b/n/10 ggplot[][]\T1/lmtt/m/n/10 (regular,[] []\T1/lmtt/b/n/10 aes[][]\T1/lmtt/m/n/10 ([][]x[][]=Score,[] []y[][]=Count))[] []+[] []\T1/lmtt/b/n/10 geom_point[][]\T1/lmtt/m/n/10 ([][]color[] []=[] []'red'[][],[] []size[] []=[] []2[][])[] []+[] []\T1/lmtt/b/n/10 xlab[][]\T1/lmtt/m/n/10 ([][]'Scores'[][])[] []+[] []\T1/lmtt/b/n/10 ylab[][]\T1/lmtt/m/n/10 ([][]'Number of Students'[][])[] []+[] []\T1/lmtt/b/n/10 ggtitle[][]\T1/lmtt/m/n/10 ([][]'Regular Section Student Scores'[][])[][] 
 []

[1

{c:/Users/syversonl/AppData/Roaming/TinyTeX/texmf-var/fonts/map/pdftex/updmap/pdftex.map}{c:/Users/syversonl/AppData/Roaming/TinyTeX/texmf-dist/fonts/enc/dvips/base/8r.enc}{c:/Users/syversonl/AppData/Roaming/TinyTeX/texmf-dist/fonts/enc/dvips/lm/lm-ec.enc}]
<figure/assignment-4-1-SyversonLuke-Rnwauto-report-1.pdf, id=13, 433.62pt x 433.62pt>
File: figure/assignment-4-1-SyversonLuke-Rnwauto-report-1.pdf Graphic file (type pdf)
<use figure/assignment-4-1-SyversonLuke-Rnwauto-report-1.pdf>
Package pdftex.def Info: figure/assignment-4-1-SyversonLuke-Rnwauto-report-1.pdf  used on input line 151.
(pdftex.def)             Requested size: 283.22162pt x 283.23251pt.

Overfull \hbox (394.21625pt too wide) in paragraph at lines 157--157
[][]\T1/lmtt/b/n/10 ggplot[][]\T1/lmtt/m/n/10 (sports,[] []\T1/lmtt/b/n/10 aes[][]\T1/lmtt/m/n/10 ([][]x[][]=Score,[] []y[][]=Count))[] []+[] []\T1/lmtt/b/n/10 geom_point[][]\T1/lmtt/m/n/10 ([][]color[] []=[] []'blue'[][],[] []size[] []=[] []2[][])[] []+[] []\T1/lmtt/b/n/10 xlab[][]\T1/lmtt/m/n/10 ([][]'Scores'[][])[] []+[] []\T1/lmtt/b/n/10 ylab[][]\T1/lmtt/m/n/10 ([][]'Number of Students'[][])[] []+[] []\T1/lmtt/b/n/10 ggtitle[][]\T1/lmtt/m/n/10 ([][]'Sports Section Student Scores'[][])[][] 
 []

<figure/assignment-4-1-SyversonLuke-Rnwauto-report-2.pdf, id=14, 433.62pt x 433.62pt>
File: figure/assignment-4-1-SyversonLuke-Rnwauto-report-2.pdf Graphic file (type pdf)
<use figure/assignment-4-1-SyversonLuke-Rnwauto-report-2.pdf>
Package pdftex.def Info: figure/assignment-4-1-SyversonLuke-Rnwauto-report-2.pdf  used on input line 161.
(pdftex.def)             Requested size: 283.22162pt x 283.23251pt.
[2 <./figure/assignment-4-1-SyversonLuke-Rnwauto-report-1.pdf>]
Overfull \hbox (149.20308pt too wide) in paragraph at lines 169--169
[][]\T1/lmtt/m/it/10 # Comparing and contrasting the point distributions between the two section, looking at both tendency and consistency:[][] 
 []


Overfull \hbox (91.45325pt too wide) in paragraph at lines 170--170
[][]\T1/lmtt/m/it/10 # Can you say that one section tended to score more points than the other? Justify and explain your answer.[][] 
 []


Overfull \hbox (33.70341pt too wide) in paragraph at lines 213--213
[]  []\T1/lmtt/m/it/10 # The regular section had higher average and minimum scores, with significantly less variance;[][] 
 []


Overfull \hbox (75.7033pt too wide) in paragraph at lines 215--215
[]  []\T1/lmtt/m/it/10 # The regular section plots reveal a higher density of scores around the mean than the sports section,[][] 
 []


Overfull \hbox (369.70244pt too wide) in paragraph at lines 220--220
[][]\T1/lmtt/m/it/10 # Did every student in one section score more points than every student in the other section? If not, explain what a statistical tendency means in this context.[][] 
 []


Overfull \hbox (70.45331pt too wide) in paragraph at lines 223--223
[]  []\T1/lmtt/m/it/10 # I understand statistical tendency in this context as a unique student's probability of performance,[][] 
 []


Overfull \hbox (44.20338pt too wide) in paragraph at lines 224--224
[]  []\T1/lmtt/m/it/10 # given their elective participation in the control (regular) or experimental (sports) sections.[][] 
 []


Overfull \hbox (343.45251pt too wide) in paragraph at lines 227--227
[][]\T1/lmtt/m/it/10 # What could be one additional variable that was not mentioned in the narrative that could be influencing the point distributions between the two sections?[][] 
 []


Overfull \hbox (164.95303pt too wide) in paragraph at lines 229--229
[]  []\T1/lmtt/m/it/10 # The preexisting performance tendencies of the students could be summarized in their GPAs before beginning the course.[][] 
 []


Overfull \hbox (75.7033pt too wide) in paragraph at lines 230--230
[]  []\T1/lmtt/m/it/10 # If the GPAs were recorded (assuming them to be accurate historical predictors of class performance),[][] 
 []


Overfull \hbox (49.45337pt too wide) in paragraph at lines 231--231
[]  []\T1/lmtt/m/it/10 # we might see a bias for higher/lower performing students to enroll in one section over another.[][] 
 []

[3 <./figure/assignment-4-1-SyversonLuke-Rnwauto-report-2.pdf>]
Overfull \hbox (0.46739pt too wide) in paragraph at lines 271--271
[]\T1/lmtt/m/n/10 ## [11] pkgconfig_2.0.3  rlang_1.1.0      cli_3.6.1        rstudioapi_0.14  parallel_4.2.3[] 
 []


Overfull \hbox (0.46739pt too wide) in paragraph at lines 271--271
[]\T1/lmtt/m/n/10 ## [26] fansi_1.0.4      vroom_1.6.1      tzdb_0.3.0       farver_2.1.1     magrittr_2.0.3[] 
 []

[4] [5] (./assignment_4.1_SyversonLuke.aux)
Package rerunfilecheck Info: File `assignment_4.1_SyversonLuke.out' has not changed.
(rerunfilecheck)             Checksum: D41D8CD98F00B204E9800998ECF8427E;0.
 ) 
Here is how much of TeX's memory you used:
 9270 strings out of 477977
 149335 string characters out of 5837000
 1868660 words of memory out of 5000000
 29365 multiletter control sequences out of 15000+600000
 515873 words of font info for 38 fonts, out of 8000000 for 9000
 14 hyphenation exceptions out of 8191
 75i,5n,76p,500b,487s stack positions out of 10000i,1000n,20000p,200000b,200000s
<c:/Users/syversonl/AppData/Roaming/TinyTeX/texmf-dist/fonts/type1/public/lm/lmtk10.pfb><c:/Users/syversonl/AppData/Roaming/TinyTeX/texmf-dist/fonts/type1/public/lm/lmtt10.pfb><c:/Users/syversonl/AppData/Roaming/TinyTeX/texmf-dist/fonts/type1/public/lm/lmtti10.pfb><c:/Users/syversonl/AppData/Roaming/TinyTeX/texmf-dist/fonts/type1/urw/palatino/uplr8a.pfb>
Output written on assignment_4.1_SyversonLuke.pdf (5 pages, 115217 bytes).
PDF statistics:
 63 PDF objects out of 1000 (max. 8388607)
 43 compressed objects within 1 object stream
 6 named destinations out of 1000 (max. 500000)
 11 words of extra memory for PDF output out of 10000 (max. 10000000)

